[0921/155838.521:ERROR:minidumpwritedump_with_crashpad_info.cc(452)] Failed to call MiniDumpWriteDump: O arquivo de paginação é muito pequeno para que esta operação seja concluída. (0x800705AF)
[0921/155838.522:ERROR:minidumpwritedump_with_crashpad_info.cc(661)] Failed to write minidump file
[0921/155838.522:ERROR:crash_report_exception_handler.cc(132)] TryMiniDumpWriteDumpWithCrashpadInfo failed
[0930/113228.281:ERROR:minidumpwritedump_with_crashpad_info.cc(452)] Failed to call MiniDumpWriteDump: Não há recursos de memória disponíveis suficientes para processar este comando. (0x80070008)
[0930/113228.414:ERROR:minidumpwritedump_with_crashpad_info.cc(661)] Failed to write minidump file
[0930/113228.414:ERROR:crash_report_exception_handler.cc(132)] TryMiniDumpWriteDumpWithCrashpadInfo failed
[0930/113228.439:ERROR:process_info.cc(359)] UncheckedAllocate
[0930/120319.554:ERROR:minidumpwritedump_with_crashpad_info.cc(452)] Failed to call MiniDumpWriteDump: O arquivo de paginação é muito pequeno para que esta operação seja concluída. (0x800705AF)
[0930/120319.585:ERROR:minidumpwritedump_with_crashpad_info.cc(661)] Failed to write minidump file
[0930/120319.585:ERROR:crash_report_exception_handler.cc(132)] TryMiniDumpWriteDumpWithCrashpadInfo failed
[0930/120319.621:ERROR:process_info.cc(359)] UncheckedAllocate
[0930/120320.987:ERROR:scoped_process_suspend.cc(31)] NtSuspendProcess: Tentou-se acessar um processo de saída. (0xc000010a)
[1005/145922.106:ERROR:crash_report_database_win.cc(430)] unexpected header
[1005/180247.425:ERROR:crash_report_database_win.cc(430)] unexpected header
[1009/221121.168:ERROR:settings.cc(401)] Settings magic is not 1129342067
[1009/223546.227:ERROR:settings.cc(430)] Settings version is not 5
[1009/224546.307:ERROR:filesystem_win.cc(129)] GetFileAttributes C:\Users\Priscila\AppData\Local\Microsoft\Edge\User Data\Crashpad\attachments\0104040b-61c0-4465-9b56-8ba568e03d53: O sistema não pode encontrar o caminho especificado. (0x3)
[1009/224546.354:ERROR:filesystem_win.cc(129)] GetFileAttributes C:\Users\Priscila\AppData\Local\Microsoft\Edge\User Data\Crashpad\attachments\01c2e6f8-6fd0-47a8-9a3a-9caf61686102: O sistema não pode encontrar o caminho especificado. (0x3)
[1009/224546.464:ERROR:filesystem_win.cc(129)] GetFileAttributes C:\Users\Priscila\AppData\Local\Microsoft\Edge\User Data\Crashpad\attachments\03259a20-cfb1-4df9-8f53-6ab184ff6000: O sistema não pode encontrar o caminho especificado. (0x3)
[1009/224546.479:ERROR:filesystem_win.cc(129)] GetFileAttributes C:\Users\Priscila\AppData\Local\Microsoft\Edge\User Data\Crashpad\attachments\05d39ad5-edaf-4169-a915-9e223b1503b9: O sistema não pode encontrar o caminho especificado. (0x3)
[1009/224546.479:ERROR:filesystem_win.cc(129)] GetFileAttributes C:\Users\Priscila\AppData\Local\Microsoft\Edge\User Data\Crashpad\attachments\08db24d2-5b08-4e06-a257-4d50b388e457: O sistema não pode encontrar o caminho especificado. (0x3)
[1009/224546.511:ERROR:filesystem_win.cc(129)] GetFileAttributes C:\Users\Priscila\AppData\Local\Microsoft\Edge\User Data\Crashpad\attachments\08eefd08-6cb7-47b0-a686-fa17abbdea3e: O sistema não pode encontrar o caminho especificado. (0x3)
[1009/224546.526:ERROR:filesystem_win.cc(129)] GetFileAttributes C:\Users\Priscila\AppData\Local\Microsoft\Edge\User Data\Crashpad\attachments\0c25e64f-0449-4682-bd76-84d579bcaf7d: O sistema não pode encontrar o caminho especificado. (0x3)
[1009/224546.542:ERROR:filesystem_win.cc(129)] GetFileAttributes C:\Users\Priscila\AppData\Local\Microsoft\Edge\User Data\Crashpad\attachments\0c5aff06-66ac-43f1-b0d2-9737ba3695f9: O sistema não pode encontrar o caminho especificado. (0x3)
[1009/224546.557:ERROR:filesystem_win.cc(129)] GetFileAttributes C:\Users\Priscila\AppData\Local\Microsoft\Edge\User Data\Crashpad\attachments\0d3e4da7-26c5-4548-8282-94fb29669d80: O sistema não pode encontrar o caminho especificado. (0x3)
[1009/224546.557:ERROR:filesystem_win.cc(129)] GetFileAttributes C:\Users\Priscila\AppData\Local\Microsoft\Edge\User Data\Crashpad\attachments\110d7d8a-02b7-4fbd-bfc3-9c8d0ddf2981: O sistema não pode encontrar o caminho especificado. (0x3)
[1009/224546.573:ERROR:filesystem_win.cc(129)] GetFileAttributes C:\Users\Priscila\AppData\Local\Microsoft\Edge\User Data\Crashpad\attachments\1125e199-f5e5-41dd-b4a3-7f5d231311f1: O sistema não pode encontrar o caminho especificado. (0x3)
[1009/224546.588:ERROR:filesystem_win.cc(129)] GetFileAttributes C:\Users\Priscila\AppData\Local\Microsoft\Edge\User Data\Crashpad\attachments\112de6fa-c334-4099-bb59-ca8c83ea0589: O sistema não pode encontrar o caminho especificado. (0x3)
[1009/224546.604:ERROR:filesystem_win.cc(129)] GetFileAttributes C:\Users\Priscila\AppData\Local\Microsoft\Edge\User Data\Crashpad\attachments\139ae154-006b-4956-ad12-ac861bf18ff5: O sistema não pode encontrar o caminho especificado. (0x3)
[1009/224546.604:ERROR:filesystem_win.cc(129)] GetFileAttributes C:\Users\Priscila\AppData\Local\Microsoft\Edge\User Data\Crashpad\attachments\14218de2-e555-4c6d-8123-ecda61bd97c3: O sistema não pode encontrar o caminho especificado. (0x3)
[1009/224546.604:ERROR:filesystem_win.cc(129)] GetFileAttributes C:\Users\Priscila\AppData\Local\Microsoft\Edge\User Data\Crashpad\attachments\143b8e14-679b-45ce-b6b4-692622f2e0ff: O sistema não pode encontrar o caminho especificado. (0x3)
[1009/224546.620:ERROR:filesystem_win.cc(129)] GetFileAttributes C:\Users\Priscila\AppData\Local\Microsoft\Edge\User Data\Crashpad\attachments\14bf5b9c-296f-4378-a66e-5fabd1560d2a: O sistema não pode encontrar o caminho especificado. (0x3)
[1009/224546.620:ERROR:filesystem_win.cc(129)] GetFileAttributes C:\Users\Priscila\AppData\Local\Microsoft\Edge\User Data\Crashpad\attachments\14d8d373-5f47-4152-a10c-8a940b309be9: O sistema não pode encontrar o caminho especificado. (0x3)
[1009/224546.636:ERROR:filesystem_win.cc(129)] GetFileAttributes C:\Users\Priscila\AppData\Local\Microsoft\Edge\User Data\Crashpad\attachments\1633d2c6-2387-4c2f-bcf0-21e3b0c1d5b1: O sistema não pode encontrar o caminho especificado. (0x3)
[1009/224546.651:ERROR:filesystem_win.cc(129)] GetFileAttributes C:\Users\Priscila\AppData\Local\Microsoft\Edge\User Data\Crashpad\attachments\18738fdc-75f4-45a4-9338-46a7899bf1d2: O sistema não pode encontrar o caminho especificado. (0x3)
[1009/224546.667:ERROR:filesystem_win.cc(129)] GetFileAttributes C:\Users\Priscila\AppData\Local\Microsoft\Edge\User Data\Crashpad\attachments\192e58f5-0281-4c33-9fe2-f671b7f28571: O sistema não pode encontrar o caminho especificado. (0x3)
[1009/224546.667:ERROR:filesystem_win.cc(129)] GetFileAttributes C:\Users\Priscila\AppData\Local\Microsoft\Edge\User Data\Crashpad\attachments\195ff84f-a895-43e5-a8c6-a9650b9b5f07: O sistema não pode encontrar o caminho especificado. (0x3)
[1009/224546.682:ERROR:filesystem_win.cc(129)] GetFileAttributes C:\Users\Priscila\AppData\Local\Microsoft\Edge\User Data\Crashpad\attachments\19d879d3-282d-44c3-bcc2-54f5b6ce0414: O sistema não pode encontrar o caminho especificado. (0x3)
[1009/224546.682:ERROR:filesystem_win.cc(129)] GetFileAttributes C:\Users\Priscila\AppData\Local\Microsoft\Edge\User Data\Crashpad\attachments\1a491731-d07a-4908-b2e3-edd06e877df8: O sistema não pode encontrar o caminho especificado. (0x3)
[1009/224546.698:ERROR:filesystem_win.cc(129)] GetFileAttributes C:\Users\Priscila\AppData\Local\Microsoft\Edge\User Data\Crashpad\attachments\1bb42773-5783-48a6-be0a-6bc55223d324: O sistema não pode encontrar o caminho especificado. (0x3)
[1009/224546.714:ERROR:filesystem_win.cc(129)] GetFileAttributes C:\Users\Priscila\AppData\Local\Microsoft\Edge\User Data\Crashpad\attachments\1c47e0c9-2149-45ff-9026-f511f62e6e1c: O sistema não pode encontrar o caminho especificado. (0x3)
[1009/224546.714:ERROR:filesystem_win.cc(129)] GetFileAttributes C:\Users\Priscila\AppData\Local\Microsoft\Edge\User Data\Crashpad\attachments\1c509c8f-23fb-493f-820e-a4849723d376: O sistema não pode encontrar o caminho especificado. (0x3)
[1009/224546.729:ERROR:filesystem_win.cc(129)] GetFileAttributes C:\Users\Priscila\AppData\Local\Microsoft\Edge\User Data\Crashpad\attachments\1d610490-3e11-4e90-9fb0-d1ca7e35d156: O sistema não pode encontrar o caminho especificado. (0x3)
[1009/224546.729:ERROR:filesystem_win.cc(129)] GetFileAttributes C:\Users\Priscila\AppData\Local\Microsoft\Edge\User Data\Crashpad\attachments\227bfab5-502d-48bb-a16b-db948b5500ff: O sistema não pode encontrar o caminho especificado. (0x3)
[1009/224546.745:ERROR:filesystem_win.cc(129)] GetFileAttributes C:\Users\Priscila\AppData\Local\Microsoft\Edge\User Data\Crashpad\attachments\22deaf82-c69b-42e2-b4d2-5c4662a9d113: O sistema não pode encontrar o caminho especificado. (0x3)
[1009/224546.745:ERROR:filesystem_win.cc(129)] GetFileAttributes C:\Users\Priscila\AppData\Local\Microsoft\Edge\User Data\Crashpad\attachments\2445e595-658c-4a94-a620-56f0355c095b: O sistema não pode encontrar o caminho especificado. (0x3)
[1009/224546.760:ERROR:filesystem_win.cc(129)] GetFileAttributes C:\Users\Priscila\AppData\Local\Microsoft\Edge\User Data\Crashpad\attachments\255e23b3-0f8d-4e44-b955-c1700bdc47d9: O sistema não pode encontrar o caminho especificado. (0x3)
[1009/224546.776:ERROR:filesystem_win.cc(129)] GetFileAttributes C:\Users\Priscila\AppData\Local\Microsoft\Edge\User Data\Crashpad\attachments\29307f49-852e-4e7d-8fa6-976399e1ce2c: O sistema não pode encontrar o caminho especificado. (0x3)
[1009/224546.792:ERROR:filesystem_win.cc(129)] GetFileAttributes C:\Users\Priscila\AppData\Local\Microsoft\Edge\User Data\Crashpad\attachments\298a29a0-75d0-4bc9-9489-d9ca847a7a5c: O sistema não pode encontrar o caminho especificado. (0x3)
[1009/224546.807:ERROR:filesystem_win.cc(129)] GetFileAttributes C:\Users\Priscila\AppData\Local\Microsoft\Edge\User Data\Crashpad\attachments\29eae8df-0fb2-4285-9937-d55a55fa6b1c: O sistema não pode encontrar o caminho especificado. (0x3)
[1009/224546.807:ERROR:filesystem_win.cc(129)] GetFileAttributes C:\Users\Priscila\AppData\Local\Microsoft\Edge\User Data\Crashpad\attachments\2a611872-89d5-416d-9bc1-3e3c83cd3384: O sistema não pode encontrar o caminho especificado. (0x3)
[1009/224546.823:ERROR:filesystem_win.cc(129)] GetFileAttributes C:\Users\Priscila\AppData\Local\Microsoft\Edge\User Data\Crashpad\attachments\2a635de2-5b26-4fd7-8926-181e4f23fd84: O sistema não pode encontrar o caminho especificado. (0x3)
[1009/224546.823:ERROR:filesystem_win.cc(129)] GetFileAttributes C:\Users\Priscila\AppData\Local\Microsoft\Edge\User Data\Crashpad\attachments\2a6d00fb-865f-4411-a937-8e12ac12922d: O sistema não pode encontrar o caminho especificado. (0x3)
[1009/224546.839:ERROR:filesystem_win.cc(129)] GetFileAttributes C:\Users\Priscila\AppData\Local\Microsoft\Edge\User Data\Crashpad\attachments\2b1592b9-2544-4617-a60a-e4cc7d045779: O sistema não pode encontrar o caminho especificado. (0x3)
[1009/224546.854:ERROR:filesystem_win.cc(129)] GetFileAttributes C:\Users\Priscila\AppData\Local\Microsoft\Edge\User Data\Crashpad\attachments\2b3b8f6d-25f1-4b5c-8241-9e1d3dc305dc: O sistema não pode encontrar o caminho especificado. (0x3)
[1009/224546.869:ERROR:filesystem_win.cc(129)] GetFileAttributes C:\Users\Priscila\AppData\Local\Microsoft\Edge\User Data\Crashpad\attachments\2df48335-cfbf-45a8-84d3-6e45052621ad: O sistema não pode encontrar o caminho especificado. (0x3)
[1009/224546.869:ERROR:filesystem_win.cc(129)] GetFileAttributes C:\Users\Priscila\AppData\Local\Microsoft\Edge\User Data\Crashpad\attachments\2fa43505-7059-4c57-a1a0-6283d92687fd: O sistema não pode encontrar o caminho especificado. (0x3)
[1009/224546.869:ERROR:filesystem_win.cc(129)] GetFileAttributes C:\Users\Priscila\AppData\Local\Microsoft\Edge\User Data\Crashpad\attachments\332d2142-5d09-4068-9b7d-bc230833fb3f: O sistema não pode encontrar o caminho especificado. (0x3)
[1009/224546.885:ERROR:filesystem_win.cc(129)] GetFileAttributes C:\Users\Priscila\AppData\Local\Microsoft\Edge\User Data\Crashpad\attachments\33ab4c95-9a2a-4694-8faa-c6aacaf6885c: O sistema não pode encontrar o caminho especificado. (0x3)
[1009/224546.901:ERROR:filesystem_win.cc(129)] GetFileAttributes C:\Users\Priscila\AppData\Local\Microsoft\Edge\User Data\Crashpad\attachments\3527329f-67f1-4f48-b3ec-0243f2ad98dc: O sistema não pode encontrar o caminho especificado. (0x3)
[1009/224546.917:ERROR:filesystem_win.cc(129)] GetFileAttributes C:\Users\Priscila\AppData\Local\Microsoft\Edge\User Data\Crashpad\attachments\3563702e-7f08-4b0a-8e1b-ab635fc2929c: O sistema não pode encontrar o caminho especificado. (0x3)
[1009/224546.932:ERROR:filesystem_win.cc(129)] GetFileAttributes C:\Users\Priscila\AppData\Local\Microsoft\Edge\User Data\Crashpad\attachments\368736dd-a605-4381-8ad3-813ba29baf50: O sistema não pode encontrar o caminho especificado. (0x3)
[1009/224546.932:ERROR:filesystem_win.cc(129)] GetFileAttributes C:\Users\Priscila\AppData\Local\Microsoft\Edge\User Data\Crashpad\attachments\36b6f632-9df4-49bb-9718-75425694617c: O sistema não pode encontrar o caminho especificado. (0x3)
[1009/224547.010:ERROR:filesystem_win.cc(129)] GetFileAttributes C:\Users\Priscila\AppData\Local\Microsoft\Edge\User Data\Crashpad\attachments\37f14a75-cb7c-4b43-8b09-2d9511f55541: O sistema não pode encontrar o caminho especificado. (0x3)
[1009/224547.026:ERROR:filesystem_win.cc(129)] GetFileAttributes C:\Users\Priscila\AppData\Local\Microsoft\Edge\User Data\Crashpad\attachments\382e157a-d965-40ae-ad50-74b36a6ee8e6: O sistema não pode encontrar o caminho especificado. (0x3)
[1009/224547.057:ERROR:filesystem_win.cc(129)] GetFileAttributes C:\Users\Priscila\AppData\Local\Microsoft\Edge\User Data\Crashpad\attachments\394e48ec-aa48-4024-bde7-5c217cce3c8e: O sistema não pode encontrar o caminho especificado. (0x3)
[1009/224547.073:ERROR:filesystem_win.cc(129)] GetFileAttributes C:\Users\Priscila\AppData\Local\Microsoft\Edge\User Data\Crashpad\attachments\3aa167a5-5fd7-4f3b-9550-2edbc92b1345: O sistema não pode encontrar o caminho especificado. (0x3)
[1009/224547.073:ERROR:filesystem_win.cc(129)] GetFileAttributes C:\Users\Priscila\AppData\Local\Microsoft\Edge\User Data\Crashpad\attachments\3be85b13-c83a-46ef-82bf-65d9dea18a5c: O sistema não pode encontrar o caminho especificado. (0x3)
[1009/224547.073:ERROR:filesystem_win.cc(129)] GetFileAttributes C:\Users\Priscila\AppData\Local\Microsoft\Edge\User Data\Crashpad\attachments\3c192d18-da4a-41ee-bd32-3037057e34fc: O sistema não pode encontrar o caminho especificado. (0x3)
[1009/224547.073:ERROR:filesystem_win.cc(129)] GetFileAttributes C:\Users\Priscila\AppData\Local\Microsoft\Edge\User Data\Crashpad\attachments\3dfe1f99-8cd2-465c-b520-2ea1e7ef5b19: O sistema não pode encontrar o caminho especificado. (0x3)
[1009/224547.088:ERROR:filesystem_win.cc(129)] GetFileAttributes C:\Users\Priscila\AppData\Local\Microsoft\Edge\User Data\Crashpad\attachments\3f963f61-5a9e-467c-a2bf-27756674ad18: O sistema não pode encontrar o caminho especificado. (0x3)
[1009/224547.088:ERROR:filesystem_win.cc(129)] GetFileAttributes C:\Users\Priscila\AppData\Local\Microsoft\Edge\User Data\Crashpad\attachments\4026d7b9-c061-4f1b-9887-b9dc47626a27: O sistema não pode encontrar o caminho especificado. (0x3)
[1009/224547.088:ERROR:filesystem_win.cc(129)] GetFileAttributes C:\Users\Priscila\AppData\Local\Microsoft\Edge\User Data\Crashpad\attachments\409cdaf6-441f-4e05-9924-e121d622b558: O sistema não pode encontrar o caminho especificado. (0x3)
[1009/224547.104:ERROR:filesystem_win.cc(129)] GetFileAttributes C:\Users\Priscila\AppData\Local\Microsoft\Edge\User Data\Crashpad\attachments\422039cb-9c51-4a3e-b0c5-a1e0d243ecad: O sistema não pode encontrar o caminho especificado. (0x3)
[1009/224547.120:ERROR:filesystem_win.cc(129)] GetFileAttributes C:\Users\Priscila\AppData\Local\Microsoft\Edge\User Data\Crashpad\attachments\430b69e7-2080-4e23-b1e2-3a5260a203bb: O sistema não pode encontrar o caminho especificado. (0x3)
[1009/224547.135:ERROR:filesystem_win.cc(129)] GetFileAttributes C:\Users\Priscila\AppData\Local\Microsoft\Edge\User Data\Crashpad\attachments\439849c5-47b1-46b1-a38a-b0ce51b65553: O sistema não pode encontrar o caminho especificado. (0x3)
[1009/224547.135:ERROR:filesystem_win.cc(129)] GetFileAttributes C:\Users\Priscila\AppData\Local\Microsoft\Edge\User Data\Crashpad\attachments\43c2e55a-f43c-4183-ab6c-f5930db38f2a: O sistema não pode encontrar o caminho especificado. (0x3)
[1009/224547.151:ERROR:filesystem_win.cc(129)] GetFileAttributes C:\Users\Priscila\AppData\Local\Microsoft\Edge\User Data\Crashpad\attachments\461f730a-f5ce-4b18-8216-0ae96bd4bbe1: O sistema não pode encontrar o caminho especificado. (0x3)
[1009/224547.151:ERROR:filesystem_win.cc(129)] GetFileAttributes C:\Users\Priscila\AppData\Local\Microsoft\Edge\User Data\Crashpad\attachments\46b10b8d-a41c-402e-b7fc-82603966b2bb: O sistema não pode encontrar o caminho especificado. (0x3)
[1009/224547.167:ERROR:filesystem_win.cc(129)] GetFileAttributes C:\Users\Priscila\AppData\Local\Microsoft\Edge\User Data\Crashpad\attachments\46e9b65e-e919-4520-a26d-606d3effadb7: O sistema não pode encontrar o caminho especificado. (0x3)
[1009/224547.167:ERROR:filesystem_win.cc(129)] GetFileAttributes C:\Users\Priscila\AppData\Local\Microsoft\Edge\User Data\Crashpad\attachments\46f3ace7-d3cd-4a0f-8ecc-6672be4f09de: O sistema não pode encontrar o caminho especificado. (0x3)
[1009/224547.182:ERROR:filesystem_win.cc(129)] GetFileAttributes C:\Users\Priscila\AppData\Local\Microsoft\Edge\User Data\Crashpad\attachments\4a521c1b-c80f-4d5e-959e-b0f2757de2fa: O sistema não pode encontrar o caminho especificado. (0x3)
[1009/224547.182:ERROR:filesystem_win.cc(129)] GetFileAttributes C:\Users\Priscila\AppData\Local\Microsoft\Edge\User Data\Crashpad\attachments\4ac6924b-a5d0-4e22-9ed5-75a4d2302717: O sistema não pode encontrar o caminho especificado. (0x3)
[1009/224547.198:ERROR:filesystem_win.cc(129)] GetFileAttributes C:\Users\Priscila\AppData\Local\Microsoft\Edge\User Data\Crashpad\attachments\4b8363c0-d17b-492e-9806-a6540260b965: O sistema não pode encontrar o caminho especificado. (0x3)
[1009/224547.214:ERROR:filesystem_win.cc(129)] GetFileAttributes C:\Users\Priscila\AppData\Local\Microsoft\Edge\User Data\Crashpad\attachments\4d078c8f-4bef-4f25-bffd-004803ba0967: O sistema não pode encontrar o caminho especificado. (0x3)
[1009/224547.229:ERROR:filesystem_win.cc(129)] GetFileAttributes C:\Users\Priscila\AppData\Local\Microsoft\Edge\User Data\Crashpad\attachments\4dffd9f5-2caf-43b6-a6fa-cc7cd4dc947a: O sistema não pode encontrar o caminho especificado. (0x3)
[1009/224547.245:ERROR:filesystem_win.cc(129)] GetFileAttributes C:\Users\Priscila\AppData\Local\Microsoft\Edge\User Data\Crashpad\attachments\4fc93570-dd41-41d8-a1f9-541f5dab3446: O sistema não pode encontrar o caminho especificado. (0x3)
[1009/224547.245:ERROR:filesystem_win.cc(129)] GetFileAttributes C:\Users\Priscila\AppData\Local\Microsoft\Edge\User Data\Crashpad\attachments\55b2bc0a-9d3c-40b8-8f5b-e7e453ae1da9: O sistema não pode encontrar o caminho especificado. (0x3)
[1009/224547.260:ERROR:filesystem_win.cc(129)] GetFileAttributes C:\Users\Priscila\AppData\Local\Microsoft\Edge\User Data\Crashpad\attachments\593ec786-6099-4351-8d39-79bfef6b712e: O sistema não pode encontrar o caminho especificado. (0x3)
[1009/224547.276:ERROR:filesystem_win.cc(129)] GetFileAttributes C:\Users\Priscila\AppData\Local\Microsoft\Edge\User Data\Crashpad\attachments\59510b63-f672-4f81-84d7-78573a4c7e9e: O sistema não pode encontrar o caminho especificado. (0x3)
[1009/224547.276:ERROR:filesystem_win.cc(129)] GetFileAttributes C:\Users\Priscila\AppData\Local\Microsoft\Edge\User Data\Crashpad\attachments\5a7192bc-58b1-465e-aaaf-0eea8998542b: O sistema não pode encontrar o caminho especificado. (0x3)
[1009/224547.292:ERROR:filesystem_win.cc(129)] GetFileAttributes C:\Users\Priscila\AppData\Local\Microsoft\Edge\User Data\Crashpad\attachments\5b041947-f404-44db-921c-3ea33d21818e: O sistema não pode encontrar o caminho especificado. (0x3)
[1009/224547.307:ERROR:filesystem_win.cc(129)] GetFileAttributes C:\Users\Priscila\AppData\Local\Microsoft\Edge\User Data\Crashpad\attachments\5b6a662c-fe4e-4218-b227-20fce3e28daf: O sistema não pode encontrar o caminho especificado. (0x3)
[1009/224547.323:ERROR:filesystem_win.cc(129)] GetFileAttributes C:\Users\Priscila\AppData\Local\Microsoft\Edge\User Data\Crashpad\attachments\5c1988b5-da24-46ab-a3a7-f15f05db0aa0: O sistema não pode encontrar o caminho especificado. (0x3)
[1009/224547.323:ERROR:filesystem_win.cc(129)] GetFileAttributes C:\Users\Priscila\AppData\Local\Microsoft\Edge\User Data\Crashpad\attachments\5daaffde-14ad-4da3-8712-469906fb02f6: O sistema não pode encontrar o caminho especificado. (0x3)
[1009/224547.338:ERROR:filesystem_win.cc(129)] GetFileAttributes C:\Users\Priscila\AppData\Local\Microsoft\Edge\User Data\Crashpad\attachments\5f9925c6-00ca-48b1-bf41-afd96e3b9640: O sistema não pode encontrar o caminho especificado. (0x3)
[1009/224547.338:ERROR:filesystem_win.cc(129)] GetFileAttributes C:\Users\Priscila\AppData\Local\Microsoft\Edge\User Data\Crashpad\attachments\5fa6042a-48ef-4277-a668-cc1c31cff4bc: O sistema não pode encontrar o caminho especificado. (0x3)
[1009/224547.338:ERROR:filesystem_win.cc(129)] GetFileAttributes C:\Users\Priscila\AppData\Local\Microsoft\Edge\User Data\Crashpad\attachments\618c1660-9e90-4666-8095-a4a85f08410c: O sistema não pode encontrar o caminho especificado. (0x3)
[1009/224547.338:ERROR:filesystem_win.cc(129)] GetFileAttributes C:\Users\Priscila\AppData\Local\Microsoft\Edge\User Data\Crashpad\attachments\61ff0a38-9f73-480f-96c2-9ce57e8d1d23: O sistema não pode encontrar o caminho especificado. (0x3)
[1009/224547.354:ERROR:filesystem_win.cc(129)] GetFileAttributes C:\Users\Priscila\AppData\Local\Microsoft\Edge\User Data\Crashpad\attachments\631df5f9-f39c-4c31-83f9-94bc9e0a4c8f: O sistema não pode encontrar o caminho especificado. (0x3)
[1009/224547.370:ERROR:filesystem_win.cc(129)] GetFileAttributes C:\Users\Priscila\AppData\Local\Microsoft\Edge\User Data\Crashpad\attachments\657c47a0-40bb-4da8-89ea-85caab1d0997: O sistema não pode encontrar o caminho especificado. (0x3)
[1009/224547.370:ERROR:filesystem_win.cc(129)] GetFileAttributes C:\Users\Priscila\AppData\Local\Microsoft\Edge\User Data\Crashpad\attachments\666307ee-25b3-4106-a336-2523267abd6e: O sistema não pode encontrar o caminho especificado. (0x3)
[1009/224547.385:ERROR:filesystem_win.cc(129)] GetFileAttributes C:\Users\Priscila\AppData\Local\Microsoft\Edge\User Data\Crashpad\attachments\682cfb7b-d17e-4851-8d69-9c54fffa385d: O sistema não pode encontrar o caminho especificado. (0x3)
[1009/224547.401:ERROR:filesystem_win.cc(129)] GetFileAttributes C:\Users\Priscila\AppData\Local\Microsoft\Edge\User Data\Crashpad\attachments\68850798-8a26-4eb8-9c8e-1dd6211de9e6: O sistema não pode encontrar o caminho especificado. (0x3)
[1009/224547.417:ERROR:filesystem_win.cc(129)] GetFileAttributes C:\Users\Priscila\AppData\Local\Microsoft\Edge\User Data\Crashpad\attachments\691e75f1-d5bc-4fbe-a4d9-58c9027608ed: O sistema não pode encontrar o caminho especificado. (0x3)
[1009/224547.432:ERROR:filesystem_win.cc(129)] GetFileAttributes C:\Users\Priscila\AppData\Local\Microsoft\Edge\User Data\Crashpad\attachments\699573f7-bf8c-4c53-83c6-e5012b7191e4: O sistema não pode encontrar o caminho especificado. (0x3)
[1009/224547.448:ERROR:filesystem_win.cc(129)] GetFileAttributes C:\Users\Priscila\AppData\Local\Microsoft\Edge\User Data\Crashpad\attachments\6b005e6f-58b3-428f-9255-3e61bc4db01a: O sistema não pode encontrar o caminho especificado. (0x3)
[1009/224547.448:ERROR:filesystem_win.cc(129)] GetFileAttributes C:\Users\Priscila\AppData\Local\Microsoft\Edge\User Data\Crashpad\attachments\6bcc87eb-d8f4-4160-8912-c4d1735b81c9: O sistema não pode encontrar o caminho especificado. (0x3)
[1009/224547.463:ERROR:filesystem_win.cc(129)] GetFileAttributes C:\Users\Priscila\AppData\Local\Microsoft\Edge\User Data\Crashpad\attachments\6d7ea03f-e8b0-4219-badf-3afd6688c275: O sistema não pode encontrar o caminho especificado. (0x3)
[1009/224547.463:ERROR:filesystem_win.cc(129)] GetFileAttributes C:\Users\Priscila\AppData\Local\Microsoft\Edge\User Data\Crashpad\attachments\6de84c61-1cef-46bf-a690-653386a2f58e: O sistema não pode encontrar o caminho especificado. (0x3)
[1009/224547.479:ERROR:filesystem_win.cc(129)] GetFileAttributes C:\Users\Priscila\AppData\Local\Microsoft\Edge\User Data\Crashpad\attachments\6e58661f-d5a2-470a-8f77-fc22930453eb: O sistema não pode encontrar o caminho especificado. (0x3)
[1009/224547.479:ERROR:filesystem_win.cc(129)] GetFileAttributes C:\Users\Priscila\AppData\Local\Microsoft\Edge\User Data\Crashpad\attachments\6f8d207b-72a9-4681-9095-5e87051b7d10: O sistema não pode encontrar o caminho especificado. (0x3)
[1009/224547.495:ERROR:filesystem_win.cc(129)] GetFileAttributes C:\Users\Priscila\AppData\Local\Microsoft\Edge\User Data\Crashpad\attachments\6feaeaf9-1264-4870-8d9a-cf5e8602dd02: O sistema não pode encontrar o caminho especificado. (0x3)
[1009/224547.526:ERROR:filesystem_win.cc(129)] GetFileAttributes C:\Users\Priscila\AppData\Local\Microsoft\Edge\User Data\Crashpad\attachments\6ffbdac3-5105-4fd1-8c5e-ca6e660ca3ac: O sistema não pode encontrar o caminho especificado. (0x3)
[1009/224547.526:ERROR:filesystem_win.cc(129)] GetFileAttributes C:\Users\Priscila\AppData\Local\Microsoft\Edge\User Data\Crashpad\attachments\70c9a826-c22f-4268-b403-6d3d02b6568e: O sistema não pode encontrar o caminho especificado. (0x3)
[1009/224547.526:ERROR:filesystem_win.cc(129)] GetFileAttributes C:\Users\Priscila\AppData\Local\Microsoft\Edge\User Data\Crashpad\attachments\717117e9-78f8-4720-aa72-bc7c2c3f2ae1: O sistema não pode encontrar o caminho especificado. (0x3)
[1009/224547.526:ERROR:filesystem_win.cc(129)] GetFileAttributes C:\Users\Priscila\AppData\Local\Microsoft\Edge\User Data\Crashpad\attachments\71f727e9-10e7-44b3-ac56-d925f16e2fa8: O sistema não pode encontrar o caminho especificado. (0x3)
[1009/224547.542:ERROR:filesystem_win.cc(129)] GetFileAttributes C:\Users\Priscila\AppData\Local\Microsoft\Edge\User Data\Crashpad\attachments\723e95bb-261e-4b38-8a8e-f76ea3ce8cf5: O sistema não pode encontrar o caminho especificado. (0x3)
[1009/224547.542:ERROR:filesystem_win.cc(129)] GetFileAttributes C:\Users\Priscila\AppData\Local\Microsoft\Edge\User Data\Crashpad\attachments\726ff47d-5fe9-46e5-848f-7081e7b56e4c: O sistema não pode encontrar o caminho especificado. (0x3)
[1009/224547.542:ERROR:filesystem_win.cc(129)] GetFileAttributes C:\Users\Priscila\AppData\Local\Microsoft\Edge\User Data\Crashpad\attachments\73302d32-2826-460b-8249-930320eb4d06: O sistema não pode encontrar o caminho especificado. (0x3)
[1009/224547.557:ERROR:filesystem_win.cc(129)] GetFileAttributes C:\Users\Priscila\AppData\Local\Microsoft\Edge\User Data\Crashpad\attachments\73654b12-0719-4a32-b58c-b070b00ed49c: O sistema não pode encontrar o caminho especificado. (0x3)
[1009/224547.557:ERROR:filesystem_win.cc(129)] GetFileAttributes C:\Users\Priscila\AppData\Local\Microsoft\Edge\User Data\Crashpad\attachments\73aa337c-50e1-4824-b2d1-05db5d882965: O sistema não pode encontrar o caminho especificado. (0x3)
[1009/224547.588:ERROR:filesystem_win.cc(129)] GetFileAttributes C:\Users\Priscila\AppData\Local\Microsoft\Edge\User Data\Crashpad\attachments\73ad4cf3-c83e-4360-bd74-f5186c8ddf18: O sistema não pode encontrar o caminho especificado. (0x3)
[1009/224547.588:ERROR:filesystem_win.cc(129)] GetFileAttributes C:\Users\Priscila\AppData\Local\Microsoft\Edge\User Data\Crashpad\attachments\7420ac1b-9226-4b03-b3b5-08172fe80cd0: O sistema não pode encontrar o caminho especificado. (0x3)
[1009/224547.620:ERROR:filesystem_win.cc(129)] GetFileAttributes C:\Users\Priscila\AppData\Local\Microsoft\Edge\User Data\Crashpad\attachments\772f097b-db24-4e5c-b062-f7481ff5baf2: O sistema não pode encontrar o caminho especificado. (0x3)
[1009/224547.620:ERROR:filesystem_win.cc(129)] GetFileAttributes C:\Users\Priscila\AppData\Local\Microsoft\Edge\User Data\Crashpad\attachments\794af58d-8804-4f82-8137-23ae87fd4851: O sistema não pode encontrar o caminho especificado. (0x3)
[1009/224547.635:ERROR:filesystem_win.cc(129)] GetFileAttributes C:\Users\Priscila\AppData\Local\Microsoft\Edge\User Data\Crashpad\attachments\79d4f62d-5d3c-4261-a79f-6e9cc8f2e5dd: O sistema não pode encontrar o caminho especificado. (0x3)
[1009/224547.651:ERROR:filesystem_win.cc(129)] GetFileAttributes C:\Users\Priscila\AppData\Local\Microsoft\Edge\User Data\Crashpad\attachments\7ac51a0a-54fe-4d67-9a85-4b30632ae782: O sistema não pode encontrar o caminho especificado. (0x3)
[1009/224547.651:ERROR:filesystem_win.cc(129)] GetFileAttributes C:\Users\Priscila\AppData\Local\Microsoft\Edge\User Data\Crashpad\attachments\7cb82f52-c2eb-4317-a298-384a2771b91a: O sistema não pode encontrar o caminho especificado. (0x3)
[1009/224547.651:ERROR:filesystem_win.cc(129)] GetFileAttributes C:\Users\Priscila\AppData\Local\Microsoft\Edge\User Data\Crashpad\attachments\7dc80994-4f08-40ea-b383-ff0dbf14f8c6: O sistema não pode encontrar o caminho especificado. (0x3)
[1009/224547.666:ERROR:filesystem_win.cc(129)] GetFileAttributes C:\Users\Priscila\AppData\Local\Microsoft\Edge\User Data\Crashpad\attachments\7f0cb3fe-86ca-4fa2-8295-e297e268db0b: O sistema não pode encontrar o caminho especificado. (0x3)
[1009/224547.666:ERROR:filesystem_win.cc(129)] GetFileAttributes C:\Users\Priscila\AppData\Local\Microsoft\Edge\User Data\Crashpad\attachments\81499e1f-22bb-4893-ba3a-6c0fc6cfecd8: O sistema não pode encontrar o caminho especificado. (0x3)
[1009/224547.666:ERROR:filesystem_win.cc(129)] GetFileAttributes C:\Users\Priscila\AppData\Local\Microsoft\Edge\User Data\Crashpad\attachments\81cb2ad9-984f-452b-9d96-e4a4c78c03aa: O sistema não pode encontrar o caminho especificado. (0x3)
[1009/224547.666:ERROR:filesystem_win.cc(129)] GetFileAttributes C:\Users\Priscila\AppData\Local\Microsoft\Edge\User Data\Crashpad\attachments\81f294d0-560e-44a0-ae4f-ef74965314f3: O sistema não pode encontrar o caminho especificado. (0x3)
[1009/224547.682:ERROR:filesystem_win.cc(129)] GetFileAttributes C:\Users\Priscila\AppData\Local\Microsoft\Edge\User Data\Crashpad\attachments\828a1d46-a0e8-4a53-94af-977416a02c4d: O sistema não pode encontrar o caminho especificado. (0x3)
[1009/224547.682:ERROR:filesystem_win.cc(129)] GetFileAttributes C:\Users\Priscila\AppData\Local\Microsoft\Edge\User Data\Crashpad\attachments\82d5be10-820d-4fae-b189-b627b3b13146: O sistema não pode encontrar o caminho especificado. (0x3)
[1009/224547.698:ERROR:filesystem_win.cc(129)] GetFileAttributes C:\Users\Priscila\AppData\Local\Microsoft\Edge\User Data\Crashpad\attachments\83136351-c6a6-4279-9539-e96e7988e1be: O sistema não pode encontrar o caminho especificado. (0x3)
[1009/224547.698:ERROR:filesystem_win.cc(129)] GetFileAttributes C:\Users\Priscila\AppData\Local\Microsoft\Edge\User Data\Crashpad\attachments\83ae9e7a-0875-4b01-8400-771e5bfd991c: O sistema não pode encontrar o caminho especificado. (0x3)
[1009/224547.698:ERROR:filesystem_win.cc(129)] GetFileAttributes C:\Users\Priscila\AppData\Local\Microsoft\Edge\User Data\Crashpad\attachments\84150fd2-fdd6-4cf5-87ed-ee11eda293b0: O sistema não pode encontrar o caminho especificado. (0x3)
[1009/224547.713:ERROR:filesystem_win.cc(129)] GetFileAttributes C:\Users\Priscila\AppData\Local\Microsoft\Edge\User Data\Crashpad\attachments\85497b17-cee2-4c7d-9016-4a92c20880b9: O sistema não pode encontrar o caminho especificado. (0x3)
[1009/224547.728:ERROR:filesystem_win.cc(129)] GetFileAttributes C:\Users\Priscila\AppData\Local\Microsoft\Edge\User Data\Crashpad\attachments\86c2e3ce-0472-42d3-aa66-e7975bca0198: O sistema não pode encontrar o caminho especificado. (0x3)
[1009/224547.728:ERROR:filesystem_win.cc(129)] GetFileAttributes C:\Users\Priscila\AppData\Local\Microsoft\Edge\User Data\Crashpad\attachments\8847139d-1200-4ff4-81ef-4fad9a53021b: O sistema não pode encontrar o caminho especificado. (0x3)
[1009/224547.728:ERROR:filesystem_win.cc(129)] GetFileAttributes C:\Users\Priscila\AppData\Local\Microsoft\Edge\User Data\Crashpad\attachments\89193c45-53cf-49e7-a7b0-402ae83f2a5a: O sistema não pode encontrar o caminho especificado. (0x3)
[1009/224547.728:ERROR:filesystem_win.cc(129)] GetFileAttributes C:\Users\Priscila\AppData\Local\Microsoft\Edge\User Data\Crashpad\attachments\8a6f7337-7019-4afb-8889-6bd0f5214d58: O sistema não pode encontrar o caminho especificado. (0x3)
[1009/224547.728:ERROR:filesystem_win.cc(129)] GetFileAttributes C:\Users\Priscila\AppData\Local\Microsoft\Edge\User Data\Crashpad\attachments\8d032ec8-6f5c-4276-a58e-8ea23b59e4c8: O sistema não pode encontrar o caminho especificado. (0x3)
[1009/224547.745:ERROR:filesystem_win.cc(129)] GetFileAttributes C:\Users\Priscila\AppData\Local\Microsoft\Edge\User Data\Crashpad\attachments\8e31e55c-e6b4-4610-bbbc-59fad0829580: O sistema não pode encontrar o caminho especificado. (0x3)
[1009/224547.760:ERROR:filesystem_win.cc(129)] GetFileAttributes C:\Users\Priscila\AppData\Local\Microsoft\Edge\User Data\Crashpad\attachments\8e7b05f5-1b78-472e-9805-629dfc8f769e: O sistema não pode encontrar o caminho especificado. (0x3)
[1009/224547.760:ERROR:filesystem_win.cc(129)] GetFileAttributes C:\Users\Priscila\AppData\Local\Microsoft\Edge\User Data\Crashpad\attachments\9446b914-1ec2-47dc-9cce-3ee35d9f93b1: O sistema não pode encontrar o caminho especificado. (0x3)
[1009/224547.760:ERROR:filesystem_win.cc(129)] GetFileAttributes C:\Users\Priscila\AppData\Local\Microsoft\Edge\User Data\Crashpad\attachments\94c8e218-f2a1-42e9-8f11-ebec094331b6: O sistema não pode encontrar o caminho especificado. (0x3)
[1009/224547.760:ERROR:filesystem_win.cc(129)] GetFileAttributes C:\Users\Priscila\AppData\Local\Microsoft\Edge\User Data\Crashpad\attachments\94d8e82a-3fe6-4a83-99f7-9f432f7557bf: O sistema não pode encontrar o caminho especificado. (0x3)
[1009/224547.760:ERROR:filesystem_win.cc(129)] GetFileAttributes C:\Users\Priscila\AppData\Local\Microsoft\Edge\User Data\Crashpad\attachments\95eaed82-2e17-4657-bd13-dc5cbf57d44a: O sistema não pode encontrar o caminho especificado. (0x3)
[1009/224547.776:ERROR:filesystem_win.cc(129)] GetFileAttributes C:\Users\Priscila\AppData\Local\Microsoft\Edge\User Data\Crashpad\attachments\972be772-2587-4633-b9b7-a8b6ce73da6f: O sistema não pode encontrar o caminho especificado. (0x3)
[1009/224547.776:ERROR:filesystem_win.cc(129)] GetFileAttributes C:\Users\Priscila\AppData\Local\Microsoft\Edge\User Data\Crashpad\attachments\9766c782-7278-44b5-b44b-10d7aea2b4a8: O sistema não pode encontrar o caminho especificado. (0x3)
[1009/224547.776:ERROR:filesystem_win.cc(129)] GetFileAttributes C:\Users\Priscila\AppData\Local\Microsoft\Edge\User Data\Crashpad\attachments\97bb6e73-ce8a-4f9d-9b7b-535a44108593: O sistema não pode encontrar o caminho especificado. (0x3)
[1009/224547.776:ERROR:filesystem_win.cc(129)] GetFileAttributes C:\Users\Priscila\AppData\Local\Microsoft\Edge\User Data\Crashpad\attachments\980c4cd8-a8e6-403c-856b-2087cba80011: O sistema não pode encontrar o caminho especificado. (0x3)
[1009/224547.776:ERROR:filesystem_win.cc(129)] GetFileAttributes C:\Users\Priscila\AppData\Local\Microsoft\Edge\User Data\Crashpad\attachments\98381e84-74cd-4fa2-80e4-ae5dbd45260a: O sistema não pode encontrar o caminho especificado. (0x3)
[1009/224547.791:ERROR:filesystem_win.cc(129)] GetFileAttributes C:\Users\Priscila\AppData\Local\Microsoft\Edge\User Data\Crashpad\attachments\9b468398-b64d-4d5e-ab72-02914062e831: O sistema não pode encontrar o caminho especificado. (0x3)
[1009/224547.791:ERROR:filesystem_win.cc(129)] GetFileAttributes C:\Users\Priscila\AppData\Local\Microsoft\Edge\User Data\Crashpad\attachments\9be07cf2-f636-4845-8b63-eb3738f90f0a: O sistema não pode encontrar o caminho especificado. (0x3)
[1009/224547.791:ERROR:filesystem_win.cc(129)] GetFileAttributes C:\Users\Priscila\AppData\Local\Microsoft\Edge\User Data\Crashpad\attachments\9c1728ac-9e5a-468f-86ba-8e29d5b861bc: O sistema não pode encontrar o caminho especificado. (0x3)
[1009/224547.807:ERROR:filesystem_win.cc(129)] GetFileAttributes C:\Users\Priscila\AppData\Local\Microsoft\Edge\User Data\Crashpad\attachments\9e249744-7281-432d-bd30-c4aa90df8e9a: O sistema não pode encontrar o caminho especificado. (0x3)
[1009/224547.838:ERROR:filesystem_win.cc(129)] GetFileAttributes C:\Users\Priscila\AppData\Local\Microsoft\Edge\User Data\Crashpad\attachments\9e5c09ae-358b-4bb0-8436-d05c8bdf2c12: O sistema não pode encontrar o caminho especificado. (0x3)
[1009/224547.838:ERROR:filesystem_win.cc(129)] GetFileAttributes C:\Users\Priscila\AppData\Local\Microsoft\Edge\User Data\Crashpad\attachments\9efa0e90-6b01-4c68-bdd4-c0a1391c841a: O sistema não pode encontrar o caminho especificado. (0x3)
[1009/224547.838:ERROR:filesystem_win.cc(129)] GetFileAttributes C:\Users\Priscila\AppData\Local\Microsoft\Edge\User Data\Crashpad\attachments\9f0b67be-bbc9-41b8-8de6-208fba92d02c: O sistema não pode encontrar o caminho especificado. (0x3)
[1009/224547.838:ERROR:filesystem_win.cc(129)] GetFileAttributes C:\Users\Priscila\AppData\Local\Microsoft\Edge\User Data\Crashpad\attachments\9fa237a1-ed6a-42d2-934b-ceab4b910a1f: O sistema não pode encontrar o caminho especificado. (0x3)
[1009/224547.870:ERROR:filesystem_win.cc(129)] GetFileAttributes C:\Users\Priscila\AppData\Local\Microsoft\Edge\User Data\Crashpad\attachments\a023a9c8-f1ae-443d-9f09-d1f456d5e6c8: O sistema não pode encontrar o caminho especificado. (0x3)
[1009/224547.885:ERROR:filesystem_win.cc(129)] GetFileAttributes C:\Users\Priscila\AppData\Local\Microsoft\Edge\User Data\Crashpad\attachments\a24e6d14-b000-4976-99e4-99f6403e4485: O sistema não pode encontrar o caminho especificado. (0x3)
[1009/224547.885:ERROR:filesystem_win.cc(129)] GetFileAttributes C:\Users\Priscila\AppData\Local\Microsoft\Edge\User Data\Crashpad\attachments\a2974fb6-3d9e-4abb-9d82-521b0e9d833c: O sistema não pode encontrar o caminho especificado. (0x3)
[1009/224547.885:ERROR:filesystem_win.cc(129)] GetFileAttributes C:\Users\Priscila\AppData\Local\Microsoft\Edge\User Data\Crashpad\attachments\a4f829a6-73d4-4218-aac9-26bc9bed624f: O sistema não pode encontrar o caminho especificado. (0x3)
[1009/224547.901:ERROR:filesystem_win.cc(129)] GetFileAttributes C:\Users\Priscila\AppData\Local\Microsoft\Edge\User Data\Crashpad\attachments\a519e0f7-62ac-415a-9f4c-135d4a41c2ac: O sistema não pode encontrar o caminho especificado. (0x3)
[1009/224547.932:ERROR:filesystem_win.cc(129)] GetFileAttributes C:\Users\Priscila\AppData\Local\Microsoft\Edge\User Data\Crashpad\attachments\a54669d3-7f25-467b-a605-278a08599d98: O sistema não pode encontrar o caminho especificado. (0x3)
[1009/224547.932:ERROR:filesystem_win.cc(129)] GetFileAttributes C:\Users\Priscila\AppData\Local\Microsoft\Edge\User Data\Crashpad\attachments\a666af12-d070-42d3-a945-3f23827028b1: O sistema não pode encontrar o caminho especificado. (0x3)
[1009/224547.963:ERROR:filesystem_win.cc(129)] GetFileAttributes C:\Users\Priscila\AppData\Local\Microsoft\Edge\User Data\Crashpad\attachments\a83b19a2-b6c3-4479-8f31-20a2585d704f: O sistema não pode encontrar o caminho especificado. (0x3)
[1009/224547.963:ERROR:filesystem_win.cc(129)] GetFileAttributes C:\Users\Priscila\AppData\Local\Microsoft\Edge\User Data\Crashpad\attachments\a8df810b-6418-488f-a9b3-818a2fcfe689: O sistema não pode encontrar o caminho especificado. (0x3)
[1009/224547.963:ERROR:filesystem_win.cc(129)] GetFileAttributes C:\Users\Priscila\AppData\Local\Microsoft\Edge\User Data\Crashpad\attachments\a90b1093-66d8-45d4-94a2-6a73011865ee: O sistema não pode encontrar o caminho especificado. (0x3)
[1009/224547.978:ERROR:filesystem_win.cc(129)] GetFileAttributes C:\Users\Priscila\AppData\Local\Microsoft\Edge\User Data\Crashpad\attachments\a9250f24-995e-493b-b451-fe226b3c3ec8: O sistema não pode encontrar o caminho especificado. (0x3)
[1009/224547.978:ERROR:filesystem_win.cc(129)] GetFileAttributes C:\Users\Priscila\AppData\Local\Microsoft\Edge\User Data\Crashpad\attachments\ab1e2dd2-27b5-48b0-9c98-2fd2d11a422e: O sistema não pode encontrar o caminho especificado. (0x3)
[1009/224547.978:ERROR:filesystem_win.cc(129)] GetFileAttributes C:\Users\Priscila\AppData\Local\Microsoft\Edge\User Data\Crashpad\attachments\b18fd103-4528-43af-82ae-b52d13073838: O sistema não pode encontrar o caminho especificado. (0x3)
[1009/224548.010:ERROR:filesystem_win.cc(129)] GetFileAttributes C:\Users\Priscila\AppData\Local\Microsoft\Edge\User Data\Crashpad\attachments\b1f5b9a0-c3b4-466e-b5c5-c9412dcb0aae: O sistema não pode encontrar o caminho especificado. (0x3)
[1009/224548.010:ERROR:filesystem_win.cc(129)] GetFileAttributes C:\Users\Priscila\AppData\Local\Microsoft\Edge\User Data\Crashpad\attachments\b2817e67-2e4a-47b3-9453-87a804b12593: O sistema não pode encontrar o caminho especificado. (0x3)
[1009/224548.010:ERROR:filesystem_win.cc(129)] GetFileAttributes C:\Users\Priscila\AppData\Local\Microsoft\Edge\User Data\Crashpad\attachments\b2b80ca4-92eb-40e1-8a35-386e63f6b9ae: O sistema não pode encontrar o caminho especificado. (0x3)
[1009/224548.010:ERROR:filesystem_win.cc(129)] GetFileAttributes C:\Users\Priscila\AppData\Local\Microsoft\Edge\User Data\Crashpad\attachments\b2cb7c30-57b5-45dd-a61c-e6ac4488d8f0: O sistema não pode encontrar o caminho especificado. (0x3)
[1009/224548.010:ERROR:filesystem_win.cc(129)] GetFileAttributes C:\Users\Priscila\AppData\Local\Microsoft\Edge\User Data\Crashpad\attachments\b2d2b8de-94b7-4146-965f-d28cc2138f48: O sistema não pode encontrar o caminho especificado. (0x3)
[1009/224548.026:ERROR:filesystem_win.cc(129)] GetFileAttributes C:\Users\Priscila\AppData\Local\Microsoft\Edge\User Data\Crashpad\attachments\b367c3be-5fa6-4bba-8e2c-8a1d05b7768d: O sistema não pode encontrar o caminho especificado. (0x3)
[1009/224548.041:ERROR:filesystem_win.cc(129)] GetFileAttributes C:\Users\Priscila\AppData\Local\Microsoft\Edge\User Data\Crashpad\attachments\b43d39b1-9283-4bad-b953-8b42f8473d35: O sistema não pode encontrar o caminho especificado. (0x3)
[1009/224548.041:ERROR:filesystem_win.cc(129)] GetFileAttributes C:\Users\Priscila\AppData\Local\Microsoft\Edge\User Data\Crashpad\attachments\b71e6028-163f-468c-a9a0-371efcb5b497: O sistema não pode encontrar o caminho especificado. (0x3)
[1009/224548.041:ERROR:filesystem_win.cc(129)] GetFileAttributes C:\Users\Priscila\AppData\Local\Microsoft\Edge\User Data\Crashpad\attachments\bd08c4fd-e1f3-46e4-8db5-1fa53c5cabc8: O sistema não pode encontrar o caminho especificado. (0x3)
[1009/224548.056:ERROR:filesystem_win.cc(129)] GetFileAttributes C:\Users\Priscila\AppData\Local\Microsoft\Edge\User Data\Crashpad\attachments\bd8d4d75-5973-4906-996e-98d2de45dd30: O sistema não pode encontrar o caminho especificado. (0x3)
[1009/224548.056:ERROR:filesystem_win.cc(129)] GetFileAttributes C:\Users\Priscila\AppData\Local\Microsoft\Edge\User Data\Crashpad\attachments\be15e16e-8612-4f61-8d4d-f796bcb188d9: O sistema não pode encontrar o caminho especificado. (0x3)
[1009/224548.072:ERROR:filesystem_win.cc(129)] GetFileAttributes C:\Users\Priscila\AppData\Local\Microsoft\Edge\User Data\Crashpad\attachments\bfc6cc3f-018c-4acb-8d15-26cfc80958f4: O sistema não pode encontrar o caminho especificado. (0x3)
[1009/224548.072:ERROR:filesystem_win.cc(129)] GetFileAttributes C:\Users\Priscila\AppData\Local\Microsoft\Edge\User Data\Crashpad\attachments\bffe547b-bbdf-4100-a6eb-63dd318b361b: O sistema não pode encontrar o caminho especificado. (0x3)
[1009/224548.088:ERROR:filesystem_win.cc(129)] GetFileAttributes C:\Users\Priscila\AppData\Local\Microsoft\Edge\User Data\Crashpad\attachments\c29c6637-579d-452f-bfe1-43e98565752d: O sistema não pode encontrar o caminho especificado. (0x3)
[1009/224548.103:ERROR:filesystem_win.cc(129)] GetFileAttributes C:\Users\Priscila\AppData\Local\Microsoft\Edge\User Data\Crashpad\attachments\c4f98a2d-91b3-4b38-8a67-0c703b072fbe: O sistema não pode encontrar o caminho especificado. (0x3)
[1009/224548.103:ERROR:filesystem_win.cc(129)] GetFileAttributes C:\Users\Priscila\AppData\Local\Microsoft\Edge\User Data\Crashpad\attachments\c6ddeda2-8a65-43b8-a2d4-8fa8c2d8d005: O sistema não pode encontrar o caminho especificado. (0x3)
[1009/224548.103:ERROR:filesystem_win.cc(129)] GetFileAttributes C:\Users\Priscila\AppData\Local\Microsoft\Edge\User Data\Crashpad\attachments\c70db5e7-c135-4e01-8e5e-50a335c19152: O sistema não pode encontrar o caminho especificado. (0x3)
[1009/224548.103:ERROR:filesystem_win.cc(129)] GetFileAttributes C:\Users\Priscila\AppData\Local\Microsoft\Edge\User Data\Crashpad\attachments\c77f5e52-3370-4760-95d6-c43371ee86aa: O sistema não pode encontrar o caminho especificado. (0x3)
[1009/224548.119:ERROR:filesystem_win.cc(129)] GetFileAttributes C:\Users\Priscila\AppData\Local\Microsoft\Edge\User Data\Crashpad\attachments\c927895f-fb55-4177-9d54-0e54267479e6: O sistema não pode encontrar o caminho especificado. (0x3)
[1009/224548.119:ERROR:filesystem_win.cc(129)] GetFileAttributes C:\Users\Priscila\AppData\Local\Microsoft\Edge\User Data\Crashpad\attachments\ca321a6c-1858-4eb3-bc41-c301181eee89: O sistema não pode encontrar o caminho especificado. (0x3)
[1009/224548.119:ERROR:filesystem_win.cc(129)] GetFileAttributes C:\Users\Priscila\AppData\Local\Microsoft\Edge\User Data\Crashpad\attachments\ca5de37d-519c-48f7-a0fb-74d213089171: O sistema não pode encontrar o caminho especificado. (0x3)
[1009/224548.119:ERROR:filesystem_win.cc(129)] GetFileAttributes C:\Users\Priscila\AppData\Local\Microsoft\Edge\User Data\Crashpad\attachments\cb95d19c-79d9-4a52-aa37-af6f445d1f0e: O sistema não pode encontrar o caminho especificado. (0x3)
[1009/224548.135:ERROR:filesystem_win.cc(129)] GetFileAttributes C:\Users\Priscila\AppData\Local\Microsoft\Edge\User Data\Crashpad\attachments\cddeadf9-b2b7-41fa-bb50-5673a516a906: O sistema não pode encontrar o caminho especificado. (0x3)
[1009/224548.135:ERROR:filesystem_win.cc(129)] GetFileAttributes C:\Users\Priscila\AppData\Local\Microsoft\Edge\User Data\Crashpad\attachments\d030b828-913b-4363-a5a3-7a523b69eece: O sistema não pode encontrar o caminho especificado. (0x3)
[1009/224548.151:ERROR:filesystem_win.cc(129)] GetFileAttributes C:\Users\Priscila\AppData\Local\Microsoft\Edge\User Data\Crashpad\attachments\d0b5eb37-d5aa-494f-ae2c-d800336ace76: O sistema não pode encontrar o caminho especificado. (0x3)
[1009/224548.151:ERROR:filesystem_win.cc(129)] GetFileAttributes C:\Users\Priscila\AppData\Local\Microsoft\Edge\User Data\Crashpad\attachments\d24a1078-da41-4fc1-b884-9dca21ac52ad: O sistema não pode encontrar o caminho especificado. (0x3)
[1009/224548.166:ERROR:filesystem_win.cc(129)] GetFileAttributes C:\Users\Priscila\AppData\Local\Microsoft\Edge\User Data\Crashpad\attachments\d66c4bc8-4e2d-4187-8474-8fc60eba9d79: O sistema não pode encontrar o caminho especificado. (0x3)
[1009/224548.182:ERROR:filesystem_win.cc(129)] GetFileAttributes C:\Users\Priscila\AppData\Local\Microsoft\Edge\User Data\Crashpad\attachments\d877d0aa-de38-4a32-845e-2a5b40986203: O sistema não pode encontrar o caminho especificado. (0x3)
[1009/224548.197:ERROR:filesystem_win.cc(129)] GetFileAttributes C:\Users\Priscila\AppData\Local\Microsoft\Edge\User Data\Crashpad\attachments\d8ed4847-770b-4a3c-ac0d-6283c534fd2e: O sistema não pode encontrar o caminho especificado. (0x3)
[1009/224548.213:ERROR:filesystem_win.cc(129)] GetFileAttributes C:\Users\Priscila\AppData\Local\Microsoft\Edge\User Data\Crashpad\attachments\d9a38857-aa0a-4ca2-93c7-317ff4afdd62: O sistema não pode encontrar o caminho especificado. (0x3)
[1009/224548.213:ERROR:filesystem_win.cc(129)] GetFileAttributes C:\Users\Priscila\AppData\Local\Microsoft\Edge\User Data\Crashpad\attachments\da674844-3d9f-481a-b16a-a15eb9740b56: O sistema não pode encontrar o caminho especificado. (0x3)
[1009/224548.213:ERROR:filesystem_win.cc(129)] GetFileAttributes C:\Users\Priscila\AppData\Local\Microsoft\Edge\User Data\Crashpad\attachments\db2ffaa5-c657-4868-8655-faa338a85f2e: O sistema não pode encontrar o caminho especificado. (0x3)
[1009/224548.229:ERROR:filesystem_win.cc(129)] GetFileAttributes C:\Users\Priscila\AppData\Local\Microsoft\Edge\User Data\Crashpad\attachments\db747913-90f9-4c3b-9815-db53d0a3ddcb: O sistema não pode encontrar o caminho especificado. (0x3)
[1009/224548.244:ERROR:filesystem_win.cc(129)] GetFileAttributes C:\Users\Priscila\AppData\Local\Microsoft\Edge\User Data\Crashpad\attachments\dcae576c-f398-415c-b634-91269b155ab9: O sistema não pode encontrar o caminho especificado. (0x3)
[1009/224548.244:ERROR:filesystem_win.cc(129)] GetFileAttributes C:\Users\Priscila\AppData\Local\Microsoft\Edge\User Data\Crashpad\attachments\de479320-dc38-4a1a-8256-e09c8278ac0e: O sistema não pode encontrar o caminho especificado. (0x3)
[1009/224548.260:ERROR:filesystem_win.cc(129)] GetFileAttributes C:\Users\Priscila\AppData\Local\Microsoft\Edge\User Data\Crashpad\attachments\dec3a5f4-8cf7-4095-828c-5b1fc99af2e5: O sistema não pode encontrar o caminho especificado. (0x3)
[1009/224548.260:ERROR:filesystem_win.cc(129)] GetFileAttributes C:\Users\Priscila\AppData\Local\Microsoft\Edge\User Data\Crashpad\attachments\df3bb0bb-6f5a-4a08-8bd7-515e69f3df15: O sistema não pode encontrar o caminho especificado. (0x3)
[1009/224548.260:ERROR:filesystem_win.cc(129)] GetFileAttributes C:\Users\Priscila\AppData\Local\Microsoft\Edge\User Data\Crashpad\attachments\dfbd237b-5114-4704-9a4b-9f3fdb2165a2: O sistema não pode encontrar o caminho especificado. (0x3)
[1009/224548.276:ERROR:filesystem_win.cc(129)] GetFileAttributes C:\Users\Priscila\AppData\Local\Microsoft\Edge\User Data\Crashpad\attachments\e00ca259-e5ec-4b1d-abbe-41e873f5a228: O sistema não pode encontrar o caminho especificado. (0x3)
[1009/224548.276:ERROR:filesystem_win.cc(129)] GetFileAttributes C:\Users\Priscila\AppData\Local\Microsoft\Edge\User Data\Crashpad\attachments\e14e3a1b-561a-4a0a-ae55-f9179960c7a8: O sistema não pode encontrar o caminho especificado. (0x3)
[1009/224548.291:ERROR:filesystem_win.cc(129)] GetFileAttributes C:\Users\Priscila\AppData\Local\Microsoft\Edge\User Data\Crashpad\attachments\e1a28def-0cdb-482a-966b-751b0183adde: O sistema não pode encontrar o caminho especificado. (0x3)
[1009/224548.291:ERROR:filesystem_win.cc(129)] GetFileAttributes C:\Users\Priscila\AppData\Local\Microsoft\Edge\User Data\Crashpad\attachments\e1c5ad4e-28c7-4439-a008-ab22057b1c62: O sistema não pode encontrar o caminho especificado. (0x3)
[1009/224548.291:ERROR:filesystem_win.cc(129)] GetFileAttributes C:\Users\Priscila\AppData\Local\Microsoft\Edge\User Data\Crashpad\attachments\e2f2b3bb-7e3c-47a0-b645-b206534e3118: O sistema não pode encontrar o caminho especificado. (0x3)
[1009/224548.306:ERROR:filesystem_win.cc(129)] GetFileAttributes C:\Users\Priscila\AppData\Local\Microsoft\Edge\User Data\Crashpad\attachments\e384a239-fd01-4c44-8810-9e8a95b880c7: O sistema não pode encontrar o caminho especificado. (0x3)
[1009/224548.322:ERROR:filesystem_win.cc(129)] GetFileAttributes C:\Users\Priscila\AppData\Local\Microsoft\Edge\User Data\Crashpad\attachments\e45d5073-c3e8-4fbf-8adb-e6271087d4db: O sistema não pode encontrar o caminho especificado. (0x3)
[1009/224548.322:ERROR:filesystem_win.cc(129)] GetFileAttributes C:\Users\Priscila\AppData\Local\Microsoft\Edge\User Data\Crashpad\attachments\e5bfc108-c4d1-4f4b-adf7-d02d557d8be9: O sistema não pode encontrar o caminho especificado. (0x3)
[1009/224548.338:ERROR:filesystem_win.cc(129)] GetFileAttributes C:\Users\Priscila\AppData\Local\Microsoft\Edge\User Data\Crashpad\attachments\e7534713-b31d-4d5c-b31e-7829e8cd65d0: O sistema não pode encontrar o caminho especificado. (0x3)
[1009/224548.338:ERROR:filesystem_win.cc(129)] GetFileAttributes C:\Users\Priscila\AppData\Local\Microsoft\Edge\User Data\Crashpad\attachments\ea27986d-130a-4958-8e56-b17ca24ec84c: O sistema não pode encontrar o caminho especificado. (0x3)
[1009/224548.354:ERROR:filesystem_win.cc(129)] GetFileAttributes C:\Users\Priscila\AppData\Local\Microsoft\Edge\User Data\Crashpad\attachments\ea7e19ef-3ae8-4bd3-8b5c-72c2cddcdffd: O sistema não pode encontrar o caminho especificado. (0x3)
[1009/224548.354:ERROR:filesystem_win.cc(129)] GetFileAttributes C:\Users\Priscila\AppData\Local\Microsoft\Edge\User Data\Crashpad\attachments\ec30b196-2c48-4bec-a2af-26359c3bb227: O sistema não pode encontrar o caminho especificado. (0x3)
[1009/224548.369:ERROR:filesystem_win.cc(129)] GetFileAttributes C:\Users\Priscila\AppData\Local\Microsoft\Edge\User Data\Crashpad\attachments\ec4643c3-7871-4126-a3f1-0d44b08194af: O sistema não pode encontrar o caminho especificado. (0x3)
[1009/224548.369:ERROR:filesystem_win.cc(129)] GetFileAttributes C:\Users\Priscila\AppData\Local\Microsoft\Edge\User Data\Crashpad\attachments\ed53dae2-dfca-49e7-8c2f-ae2fe706dd99: O sistema não pode encontrar o caminho especificado. (0x3)
[1009/224548.369:ERROR:filesystem_win.cc(129)] GetFileAttributes C:\Users\Priscila\AppData\Local\Microsoft\Edge\User Data\Crashpad\attachments\edb86370-e053-4393-a770-943cd335c3b9: O sistema não pode encontrar o caminho especificado. (0x3)
[1009/224548.369:ERROR:filesystem_win.cc(129)] GetFileAttributes C:\Users\Priscila\AppData\Local\Microsoft\Edge\User Data\Crashpad\attachments\edf9727f-12dc-4252-93cc-7ceff71e8b21: O sistema não pode encontrar o caminho especificado. (0x3)
[1009/224548.369:ERROR:filesystem_win.cc(129)] GetFileAttributes C:\Users\Priscila\AppData\Local\Microsoft\Edge\User Data\Crashpad\attachments\ef4ca9ef-cb3d-4f94-9b74-c245ba91de10: O sistema não pode encontrar o caminho especificado. (0x3)
[1009/224548.385:ERROR:filesystem_win.cc(129)] GetFileAttributes C:\Users\Priscila\AppData\Local\Microsoft\Edge\User Data\Crashpad\attachments\f2b58a23-52cb-4e78-b1ea-b8130cd715ab: O sistema não pode encontrar o caminho especificado. (0x3)
[1009/224548.385:ERROR:filesystem_win.cc(129)] GetFileAttributes C:\Users\Priscila\AppData\Local\Microsoft\Edge\User Data\Crashpad\attachments\f45439e8-5b9e-482a-88a0-4f04cbade3cb: O sistema não pode encontrar o caminho especificado. (0x3)
[1009/224548.401:ERROR:filesystem_win.cc(129)] GetFileAttributes C:\Users\Priscila\AppData\Local\Microsoft\Edge\User Data\Crashpad\attachments\f493de66-239c-4c91-9ca0-ca2247a334c8: O sistema não pode encontrar o caminho especificado. (0x3)
[1009/224548.416:ERROR:filesystem_win.cc(129)] GetFileAttributes C:\Users\Priscila\AppData\Local\Microsoft\Edge\User Data\Crashpad\attachments\f59e0808-53dd-4d5b-87d8-143b1989879e: O sistema não pode encontrar o caminho especificado. (0x3)
[1009/224548.416:ERROR:filesystem_win.cc(129)] GetFileAttributes C:\Users\Priscila\AppData\Local\Microsoft\Edge\User Data\Crashpad\attachments\f5e896a1-acbc-4c35-b3dd-f6019af110c4: O sistema não pode encontrar o caminho especificado. (0x3)
[1009/224548.432:ERROR:filesystem_win.cc(129)] GetFileAttributes C:\Users\Priscila\AppData\Local\Microsoft\Edge\User Data\Crashpad\attachments\f6185b5e-8fed-4f39-b2f3-9a5a2c4d5fd0: O sistema não pode encontrar o caminho especificado. (0x3)
[1009/224548.432:ERROR:filesystem_win.cc(129)] GetFileAttributes C:\Users\Priscila\AppData\Local\Microsoft\Edge\User Data\Crashpad\attachments\f7cbf20a-817a-4481-980d-ebd5a156ed35: O sistema não pode encontrar o caminho especificado. (0x3)
[1009/224548.448:ERROR:filesystem_win.cc(129)] GetFileAttributes C:\Users\Priscila\AppData\Local\Microsoft\Edge\User Data\Crashpad\attachments\fbd1edf0-fef8-4c41-b14a-4a817f72507a: O sistema não pode encontrar o caminho especificado. (0x3)
[1009/224548.463:ERROR:filesystem_win.cc(129)] GetFileAttributes C:\Users\Priscila\AppData\Local\Microsoft\Edge\User Data\Crashpad\attachments\fdc1fd86-7fc6-47a6-a3fc-f7cb2b8e30c1: O sistema não pode encontrar o caminho especificado. (0x3)
[1009/224548.463:ERROR:filesystem_win.cc(129)] GetFileAttributes C:\Users\Priscila\AppData\Local\Microsoft\Edge\User Data\Crashpad\attachments\ffd91b26-4571-4867-8598-02011618cc6b: O sistema não pode encontrar o caminho especificado. (0x3)
[1009/224548.478:ERROR:directory_reader_win.cc(43)] FindFirstFile: O sistema não pode encontrar o caminho especificado. (0x3)
[1010/192139.817:ERROR:filesystem_win.cc(129)] GetFileAttributes C:\Users\Priscila\AppData\Local\Microsoft\Edge\User Data\Crashpad\attachments\732577c4-6f54-400b-b74e-68bc5e59bcdb: O sistema não pode encontrar o caminho especificado. (0x3)
[1010/192139.911:ERROR:filesystem_win.cc(129)] GetFileAttributes C:\Users\Priscila\AppData\Local\Microsoft\Edge\User Data\Crashpad\attachments\9feb4879-891c-44b0-ae96-9d909760ce77: O sistema não pode encontrar o caminho especificado. (0x3)
[1010/192139.973:ERROR:filesystem_win.cc(129)] GetFileAttributes C:\Users\Priscila\AppData\Local\Microsoft\Edge\User Data\Crashpad\attachments\dca9fcd7-0a9c-4186-93ec-4392f5b2e8b9: O sistema não pode encontrar o caminho especificado. (0x3)
[1010/192139.973:ERROR:directory_reader_win.cc(43)] FindFirstFile: O sistema não pode encontrar o caminho especificado. (0x3)
[1013/133048.874:ERROR:directory_reader_win.cc(43)] FindFirstFile: O sistema não pode encontrar o caminho especificado. (0x3)
[1013/184116.119:ERROR:filesystem_win.cc(129)] GetFileAttributes C:\Users\Priscila\AppData\Local\Microsoft\Edge\User Data\Crashpad\attachments\5cf4ee94-4164-4b3d-8c33-b6e2b786baf5: O sistema não pode encontrar o caminho especificado. (0x3)
[1013/184120.979:ERROR:filesystem_win.cc(129)] GetFileAttributes C:\Users\Priscila\AppData\Local\Microsoft\Edge\User Data\Crashpad\attachments\102356fb-e573-48c7-9948-a01243b21992: O sistema não pode encontrar o caminho especificado. (0x3)
[1013/235610.966:ERROR:filesystem_win.cc(129)] GetFileAttributes C:\Users\Priscila\AppData\Local\Microsoft\Edge\User Data\Crashpad\attachments\a969cd3e-e07d-4325-a6a7-958827171839: O sistema não pode encontrar o caminho especificado. (0x3)
[1013/235622.880:ERROR:filesystem_win.cc(129)] GetFileAttributes C:\Users\Priscila\AppData\Local\Microsoft\Edge\User Data\Crashpad\attachments\ea041f20-8a34-4c63-b53c-9de16155b918: O sistema não pode encontrar o caminho especificado. (0x3)
[1013/235652.698:ERROR:minidumpwritedump_with_crashpad_info.cc(452)] Failed to call MiniDumpWriteDump: O arquivo de paginação é muito pequeno para que esta operação seja concluída. (0x800705AF)
[1013/235652.718:ERROR:minidumpwritedump_with_crashpad_info.cc(661)] Failed to write minidump file
[1013/235652.718:ERROR:crash_report_exception_handler.cc(134)] TryMiniDumpWriteDumpWithCrashpadInfo failed
[1013/235652.764:ERROR:process_info.cc(359)] UncheckedAllocate
[1013/235652.883:ERROR:filesystem_win.cc(129)] GetFileAttributes C:\Users\Priscila\AppData\Local\Microsoft\Edge\User Data\Crashpad\attachments\9c9ad63e-a190-42a6-bacc-6d6c703cf021: O sistema não pode encontrar o caminho especificado. (0x3)
[1013/235927.889:ERROR:directory_reader_win.cc(43)] FindFirstFile: O sistema não pode encontrar o caminho especificado. (0x3)
[1014/000034.335:ERROR:filesystem_win.cc(129)] GetFileAttributes C:\Users\Priscila\AppData\Local\Microsoft\Edge\User Data\Crashpad\attachments\07fb8bd5-945e-4017-b84d-8e879d10233a: O sistema não pode encontrar o caminho especificado. (0x3)
[1014/000142.592:ERROR:filesystem_win.cc(129)] GetFileAttributes C:\Users\Priscila\AppData\Local\Microsoft\Edge\User Data\Crashpad\attachments\65ae6410-b016-4e5a-8f46-998c6b72ecfa: O sistema não pode encontrar o caminho especificado. (0x3)
[1014/001609.320:ERROR:minidumpwritedump_with_crashpad_info.cc(452)] Failed to call MiniDumpWriteDump: O arquivo de paginação é muito pequeno para que esta operação seja concluída. (0x800705AF)
[1014/001609.321:ERROR:minidumpwritedump_with_crashpad_info.cc(661)] Failed to write minidump file
[1014/001609.321:ERROR:crash_report_exception_handler.cc(134)] TryMiniDumpWriteDumpWithCrashpadInfo failed
[1014/001609.365:ERROR:process_info.cc(359)] UncheckedAllocate
[1014/001609.426:ERROR:filesystem_win.cc(129)] GetFileAttributes C:\Users\Priscila\AppData\Local\Microsoft\Edge\User Data\Crashpad\attachments\a4a11207-622c-4aec-8b27-efabdc96655f: O sistema não pode encontrar o caminho especificado. (0x3)
[1014/133652.216:ERROR:directory_reader_win.cc(43)] FindFirstFile: O sistema não pode encontrar o caminho especificado. (0x3)
[1014/141915.579:ERROR:directory_reader_win.cc(43)] FindFirstFile: O sistema não pode encontrar o caminho especificado. (0x3)
[1014/151813.094:ERROR:directory_reader_win.cc(43)] FindFirstFile: O sistema não pode encontrar o caminho especificado. (0x3)
[1014/180943.996:ERROR:directory_reader_win.cc(43)] FindFirstFile: O sistema não pode encontrar o caminho especificado. (0x3)
